Symbol range map extraction starting
Processing 72 files
startProcessing "net/theexceptionist/coherentvillages/entity/EntityMerchantGuard.java" md5: c9df65312ebedb8d10146ba623fa09b6
endProcessing "net/theexceptionist/coherentvillages/entity/EntityMerchantGuard.java"

startProcessing "net/theexceptionist/coherentvillages/entity/EntityVillagerAlchemist.java" md5: 37ef8d4573b821cd0fefb0829982643c
Cache Hit!
endProcessing "net/theexceptionist/coherentvillages/entity/EntityVillagerAlchemist.java"

startProcessing "net/theexceptionist/coherentvillages/entity/EntityVillagerArcher.java" md5: 58613b5749b0775bd9aa39415de11237
endProcessing "net/theexceptionist/coherentvillages/entity/EntityVillagerArcher.java"

startProcessing "net/theexceptionist/coherentvillages/entity/EntityVillagerArrow.java" md5: 65c1c56e9981baad6792a856f7a08142
Cache Hit!
endProcessing "net/theexceptionist/coherentvillages/entity/EntityVillagerArrow.java"

startProcessing "net/theexceptionist/coherentvillages/entity/EntityVillagerCreeperHunter.java" md5: 7492e74c6f24d0c7473413df816379fd
Cache Hit!
endProcessing "net/theexceptionist/coherentvillages/entity/EntityVillagerCreeperHunter.java"

startProcessing "net/theexceptionist/coherentvillages/entity/EntityVillagerEvilMage.java" md5: 6f15f3f9bfc8afb2eea90f74608681c7
endProcessing "net/theexceptionist/coherentvillages/entity/EntityVillagerEvilMage.java"

startProcessing "net/theexceptionist/coherentvillages/entity/EntityVillagerGuardian.java" md5: 98822578cbae00c1bcfd3fffed0c80bc
Cache Hit!
endProcessing "net/theexceptionist/coherentvillages/entity/EntityVillagerGuardian.java"

startProcessing "net/theexceptionist/coherentvillages/entity/EntityVillagerHorse.java" md5: 5709a54e964d4ebc9fb22b83e509252c
Cache Hit!
endProcessing "net/theexceptionist/coherentvillages/entity/EntityVillagerHorse.java"

startProcessing "net/theexceptionist/coherentvillages/entity/EntityVillagerHunter.java" md5: 46cd9790f1d7ec78678ffb324f0c006e
Cache Hit!
endProcessing "net/theexceptionist/coherentvillages/entity/EntityVillagerHunter.java"

startProcessing "net/theexceptionist/coherentvillages/entity/EntityVillagerKnight.java" md5: c19aef8ddff14d8aff623400ee9d5f69
Cache Hit!
endProcessing "net/theexceptionist/coherentvillages/entity/EntityVillagerKnight.java"

startProcessing "net/theexceptionist/coherentvillages/entity/EntityVillagerLighting.java" md5: bdf3ab2d83dfe38e56a730ea1e6adb08
Cache Hit!
endProcessing "net/theexceptionist/coherentvillages/entity/EntityVillagerLighting.java"

startProcessing "net/theexceptionist/coherentvillages/entity/EntityVillagerMage.java" md5: 746be8c1d232eb089caca2c07b99a746
endProcessing "net/theexceptionist/coherentvillages/entity/EntityVillagerMage.java"

startProcessing "net/theexceptionist/coherentvillages/entity/EntityVillagerMerchant.java" md5: 795af909aa473e9ea618542b2ad1063f
Cache Hit!
endProcessing "net/theexceptionist/coherentvillages/entity/EntityVillagerMerchant.java"

startProcessing "net/theexceptionist/coherentvillages/entity/EntityVillagerSoldier.java" md5: f368081703b255045f3287d32823e9f2
endProcessing "net/theexceptionist/coherentvillages/entity/EntityVillagerSoldier.java"

startProcessing "net/theexceptionist/coherentvillages/entity/ModelVillagerSoldier.java" md5: fa43364b3aba8eb24ca532842e97cc86
Cache Hit!
endProcessing "net/theexceptionist/coherentvillages/entity/ModelVillagerSoldier.java"

startProcessing "net/theexceptionist/coherentvillages/entity/RenderMerchantGuard.java" md5: 060e1da5d8dfd57e1bd4c2d6229d8a3f
endProcessing "net/theexceptionist/coherentvillages/entity/RenderMerchantGuard.java"

startProcessing "net/theexceptionist/coherentvillages/entity/RenderVillagerAlchemist.java" md5: 1fac99f6494914e10b4cff1d385b8284
endProcessing "net/theexceptionist/coherentvillages/entity/RenderVillagerAlchemist.java"

startProcessing "net/theexceptionist/coherentvillages/entity/RenderVillagerArcher.java" md5: 0c32074db6f6756b3a6dc02b027a3040
endProcessing "net/theexceptionist/coherentvillages/entity/RenderVillagerArcher.java"

startProcessing "net/theexceptionist/coherentvillages/entity/RenderVillagerArrow.java" md5: d78577739e583341de252bbb64554125
Cache Hit!
endProcessing "net/theexceptionist/coherentvillages/entity/RenderVillagerArrow.java"

startProcessing "net/theexceptionist/coherentvillages/entity/RenderVillagerCreeperHunter.java" md5: 2db581e2cd2249d25d81e97ad6e0d09e
endProcessing "net/theexceptionist/coherentvillages/entity/RenderVillagerCreeperHunter.java"

startProcessing "net/theexceptionist/coherentvillages/entity/RenderVillagerEvilMage.java" md5: 7149b0b1078a75a845d5ca92eb5cf9d8
endProcessing "net/theexceptionist/coherentvillages/entity/RenderVillagerEvilMage.java"

startProcessing "net/theexceptionist/coherentvillages/entity/RenderVillagerGuardian.java" md5: b2682624669fcdaed81fc5e77cb75233
endProcessing "net/theexceptionist/coherentvillages/entity/RenderVillagerGuardian.java"

startProcessing "net/theexceptionist/coherentvillages/entity/RenderVillagerHorse.java" md5: 0a0fb0b63bd84c155317e6c2058bf3b7
Cache Hit!
endProcessing "net/theexceptionist/coherentvillages/entity/RenderVillagerHorse.java"

startProcessing "net/theexceptionist/coherentvillages/entity/RenderVillagerHunter.java" md5: 30f31fec1094412102ea57c0edf3d714
endProcessing "net/theexceptionist/coherentvillages/entity/RenderVillagerHunter.java"

startProcessing "net/theexceptionist/coherentvillages/entity/RenderVillagerKnight.java" md5: ef02fc01e5afb4db80414f110b263c94
endProcessing "net/theexceptionist/coherentvillages/entity/RenderVillagerKnight.java"

startProcessing "net/theexceptionist/coherentvillages/entity/RenderVillagerMage.java" md5: e8dd013d2100647b745f68f013efea70
endProcessing "net/theexceptionist/coherentvillages/entity/RenderVillagerMage.java"

startProcessing "net/theexceptionist/coherentvillages/entity/RenderVillagerMerchant.java" md5: 282dcbdb7304bf84492f129537103167
endProcessing "net/theexceptionist/coherentvillages/entity/RenderVillagerMerchant.java"

startProcessing "net/theexceptionist/coherentvillages/entity/RenderVillagerSoldier.java" md5: cf7303325a237a05a0cdb53d97a3c295
endProcessing "net/theexceptionist/coherentvillages/entity/RenderVillagerSoldier.java"

startProcessing "net/theexceptionist/coherentvillages/entity/ai/EntityAIAttackBackExclude.java" md5: 3843e5a3c1ae7ab1b792e73c776d5cdf
endProcessing "net/theexceptionist/coherentvillages/entity/ai/EntityAIAttackBackExclude.java"

startProcessing "net/theexceptionist/coherentvillages/entity/ai/EntityAIAttackWithBow.java" md5: 697ad65460f16bfd5b26d006d5a16577
Cache Hit!
endProcessing "net/theexceptionist/coherentvillages/entity/ai/EntityAIAttackWithBow.java"

startProcessing "net/theexceptionist/coherentvillages/entity/ai/EntityAIAttackWithMagic.java" md5: 61199259f19a440e17c1a7c73c0f4ff1
Cache Hit!
endProcessing "net/theexceptionist/coherentvillages/entity/ai/EntityAIAttackWithMagic.java"

startProcessing "net/theexceptionist/coherentvillages/entity/ai/EntityAIFollowMerchant.java" md5: 87343cded081652d9ec9d3e298e0efa6
Cache Hit!
endProcessing "net/theexceptionist/coherentvillages/entity/ai/EntityAIFollowMerchant.java"

startProcessing "net/theexceptionist/coherentvillages/entity/ai/EntityAIGuardArea.java" md5: 0f3eb60958a3b4b6f097130f6e626642
Cache Hit!
endProcessing "net/theexceptionist/coherentvillages/entity/ai/EntityAIGuardArea.java"

startProcessing "net/theexceptionist/coherentvillages/entity/ai/EntityAIGuardPost.java" md5: ef39141e8dd6a1fd915f2f5c06dd9fed
Cache Hit!
endProcessing "net/theexceptionist/coherentvillages/entity/ai/EntityAIGuardPost.java"

startProcessing "net/theexceptionist/coherentvillages/entity/ai/EntityAIHealAllies.java" md5: 04e006f8677e1e24e7ecfc12844cdeba
Cache Hit!
endProcessing "net/theexceptionist/coherentvillages/entity/ai/EntityAIHealAllies.java"

startProcessing "net/theexceptionist/coherentvillages/entity/ai/EntityAIPatrol.java" md5: d8fefdb6b038a7dde732f70f839581a5
Cache Hit!
endProcessing "net/theexceptionist/coherentvillages/entity/ai/EntityAIPatrol.java"

startProcessing "net/theexceptionist/coherentvillages/entity/ai/EntityAISearchHouse.java" md5: ccf53521050c22d8df2b0f25d730bcd5
endProcessing "net/theexceptionist/coherentvillages/entity/ai/EntityAISearchHouse.java"

startProcessing "net/theexceptionist/coherentvillages/entity/ai/EntityAIShareTarget.java" md5: d978747945791ce2f5bd86574d5a2e14
endProcessing "net/theexceptionist/coherentvillages/entity/ai/EntityAIShareTarget.java"

startProcessing "net/theexceptionist/coherentvillages/entity/ai/EntityAIUseLadder.java" md5: 3345081ec7b96b6fc7279f2804a5143c
Cache Hit!
endProcessing "net/theexceptionist/coherentvillages/entity/ai/EntityAIUseLadder.java"

startProcessing "net/theexceptionist/coherentvillages/events/EventOverrideMerchantSpawn.java" md5: a5b0bc7fb060f6cd5fe902bddf2ea0ec
endProcessing "net/theexceptionist/coherentvillages/events/EventOverrideMerchantSpawn.java"

startProcessing "net/theexceptionist/coherentvillages/events/EventOverrideVillages.java" md5: 5e6eb3a6258f5f6225eb2b4b62a0a132
endProcessing "net/theexceptionist/coherentvillages/events/EventOverrideVillages.java"

startProcessing "net/theexceptionist/coherentvillages/main/ClientProxy.java" md5: 7b26a939c11e37460483f1e6bec7431f
endProcessing "net/theexceptionist/coherentvillages/main/ClientProxy.java"

startProcessing "net/theexceptionist/coherentvillages/main/CommonProxy.java" md5: 447ee4503a0392ad627e9741cf15900b
endProcessing "net/theexceptionist/coherentvillages/main/CommonProxy.java"

startProcessing "net/theexceptionist/coherentvillages/main/Main.java" md5: 92ec6ce8380dd548e134354e3b223f96
endProcessing "net/theexceptionist/coherentvillages/main/Main.java"

startProcessing "net/theexceptionist/coherentvillages/main/Resources.java" md5: fd50f2e81f9d9f4db55beeacf9060954
endProcessing "net/theexceptionist/coherentvillages/main/Resources.java"

startProcessing "net/theexceptionist/coherentvillages/worldgen/VillageComponentAlchemyHut.java" md5: 41bdff1c3e2c2d198a03e451ed41fb9f
Cache Hit!
endProcessing "net/theexceptionist/coherentvillages/worldgen/VillageComponentAlchemyHut.java"

startProcessing "net/theexceptionist/coherentvillages/worldgen/VillageComponentBarrackSmall.java" md5: edcde000e8c784922e417ebd65f7c600
Cache Hit!
endProcessing "net/theexceptionist/coherentvillages/worldgen/VillageComponentBarrackSmall.java"

startProcessing "net/theexceptionist/coherentvillages/worldgen/VillageComponentBarracks.java" md5: e11d762933e8c9631420a79a4d8cc056
Cache Hit!
endProcessing "net/theexceptionist/coherentvillages/worldgen/VillageComponentBarracks.java"

startProcessing "net/theexceptionist/coherentvillages/worldgen/VillageComponentBigFarm.java" md5: 4f1731b97a609505cf8ff55b14336577
Cache Hit!
endProcessing "net/theexceptionist/coherentvillages/worldgen/VillageComponentBigFarm.java"

startProcessing "net/theexceptionist/coherentvillages/worldgen/VillageComponentFence.java" md5: d1fb5e2b1f5f34f61a67bd7df2f3100c
Cache Hit!
endProcessing "net/theexceptionist/coherentvillages/worldgen/VillageComponentFence.java"

startProcessing "net/theexceptionist/coherentvillages/worldgen/VillageComponentGuardTower.java" md5: b503256bcba90d030124b9bf56698464
Cache Hit!
endProcessing "net/theexceptionist/coherentvillages/worldgen/VillageComponentGuardTower.java"

startProcessing "net/theexceptionist/coherentvillages/worldgen/VillageComponentHunterHut.java" md5: 639c5e4a17d3c88251bd30cd9c2cc35a
Cache Hit!
endProcessing "net/theexceptionist/coherentvillages/worldgen/VillageComponentHunterHut.java"

startProcessing "net/theexceptionist/coherentvillages/worldgen/VillageComponentInn.java" md5: 97c26cfa81415ee006a08fee17db92fb
Cache Hit!
endProcessing "net/theexceptionist/coherentvillages/worldgen/VillageComponentInn.java"

startProcessing "net/theexceptionist/coherentvillages/worldgen/VillageComponentSmallHouseWithDoor.java" md5: 3716750faead2c300542ac746cfc78ef
Cache Hit!
endProcessing "net/theexceptionist/coherentvillages/worldgen/VillageComponentSmallHouseWithDoor.java"

startProcessing "net/theexceptionist/coherentvillages/worldgen/VillageComponentStable.java" md5: 76a2a8ff8aa9c555591211ae6117d5df
Cache Hit!
endProcessing "net/theexceptionist/coherentvillages/worldgen/VillageComponentStable.java"

startProcessing "net/theexceptionist/coherentvillages/worldgen/VillageComponentVillageFort.java" md5: f30e7d30086b29f6ce749cddb08686ad
endProcessing "net/theexceptionist/coherentvillages/worldgen/VillageComponentVillageFort.java"

startProcessing "net/theexceptionist/coherentvillages/worldgen/VillageComponentVillageWall.java" md5: 314ff76549433dbb9e71eb4bcbf6e88d
Cache Hit!
endProcessing "net/theexceptionist/coherentvillages/worldgen/VillageComponentVillageWall.java"

startProcessing "net/theexceptionist/coherentvillages/worldgen/VillageComponentWall.java" md5: b22683c00e8709616fae3c6b54ceba7f
Cache Hit!
endProcessing "net/theexceptionist/coherentvillages/worldgen/VillageComponentWall.java"

startProcessing "net/theexceptionist/coherentvillages/worldgen/VillageComponentWizardTower.java" md5: 057633b48b34d30ac18f5fdfb3dbd90f
Cache Hit!
endProcessing "net/theexceptionist/coherentvillages/worldgen/VillageComponentWizardTower.java"

startProcessing "net/theexceptionist/coherentvillages/worldgen/VillageHandlerAlchemyHut.java" md5: 02769d75bd8eed3d7e33073f386bf136
Cache Hit!
endProcessing "net/theexceptionist/coherentvillages/worldgen/VillageHandlerAlchemyHut.java"

startProcessing "net/theexceptionist/coherentvillages/worldgen/VillageHandlerBarracks.java" md5: fc231bfff2dba7597d7481ac3f8c8442
Cache Hit!
endProcessing "net/theexceptionist/coherentvillages/worldgen/VillageHandlerBarracks.java"

startProcessing "net/theexceptionist/coherentvillages/worldgen/VillageHandlerBarracksSmall.java" md5: 337d98e8f84c78fc483442ffb2a4927c
Cache Hit!
endProcessing "net/theexceptionist/coherentvillages/worldgen/VillageHandlerBarracksSmall.java"

startProcessing "net/theexceptionist/coherentvillages/worldgen/VillageHandlerBigFarm.java" md5: 165b69780b693972e2549b07562b896e
Cache Hit!
endProcessing "net/theexceptionist/coherentvillages/worldgen/VillageHandlerBigFarm.java"

startProcessing "net/theexceptionist/coherentvillages/worldgen/VillageHandlerFence.java" md5: a447204f163828639895d69d3be04df5
Cache Hit!
endProcessing "net/theexceptionist/coherentvillages/worldgen/VillageHandlerFence.java"

startProcessing "net/theexceptionist/coherentvillages/worldgen/VillageHandlerFort.java" md5: f2bae644afd7252c2a851ac69b684d43
Cache Hit!
endProcessing "net/theexceptionist/coherentvillages/worldgen/VillageHandlerFort.java"

startProcessing "net/theexceptionist/coherentvillages/worldgen/VillageHandlerGuardTower.java" md5: 1720b505e928b998bf0e1a24069a15b1
Cache Hit!
endProcessing "net/theexceptionist/coherentvillages/worldgen/VillageHandlerGuardTower.java"

startProcessing "net/theexceptionist/coherentvillages/worldgen/VillageHandlerHunterHut.java" md5: f613281d60128e830f0c381ecbe91f38
Cache Hit!
endProcessing "net/theexceptionist/coherentvillages/worldgen/VillageHandlerHunterHut.java"

startProcessing "net/theexceptionist/coherentvillages/worldgen/VillageHandlerInn.java" md5: d2c0097ebab374dbb8c17a2ee709eb99
Cache Hit!
endProcessing "net/theexceptionist/coherentvillages/worldgen/VillageHandlerInn.java"

startProcessing "net/theexceptionist/coherentvillages/worldgen/VillageHandlerSmallHouseWithDoor.java" md5: 4dd8c194ab1e5d7b287a9f7eb61b7562
Cache Hit!
endProcessing "net/theexceptionist/coherentvillages/worldgen/VillageHandlerSmallHouseWithDoor.java"

startProcessing "net/theexceptionist/coherentvillages/worldgen/VillageHandlerStable.java" md5: 5497c93e2b0cba4bbd6b9544fe212bdc
Cache Hit!
endProcessing "net/theexceptionist/coherentvillages/worldgen/VillageHandlerStable.java"

startProcessing "net/theexceptionist/coherentvillages/worldgen/VillageHandlerWall.java" md5: c944285f28371f3870251e28aafa0825
Cache Hit!
endProcessing "net/theexceptionist/coherentvillages/worldgen/VillageHandlerWall.java"

startProcessing "net/theexceptionist/coherentvillages/worldgen/VillageHandlerWizardTower.java" md5: def12b96293740055767273110553306
Cache Hit!
endProcessing "net/theexceptionist/coherentvillages/worldgen/VillageHandlerWizardTower.java"

